<?xml version="1.0" encoding="UTF-8"?>
<!-- Generated by org.testng.reporters.JUnitXMLReporter -->
<testsuite ignored="0" hostname="LTIN194187" failures="0" tests="7" name="EdgeTest1" time="74.586" errors="0" timestamp="2024-04-03T15:01:45 IST">
  <testcase classname="com.java.bookTest.ProductPageTestCases" name="@AfterMethod takeScreenShot" time="0.038">
    <failure type="org.openqa.selenium.NoSuchWindowException" message="no such window: target window already closed
from unknown error: web view not found
  (Session info: chrome=121.0.6167.86)
Build info: version: &amp;apos;4.18.1&amp;apos;, revision: &amp;apos;b1d3319b48&amp;apos;
System info: os.name: &amp;apos;Windows 11&amp;apos;, os.arch: &amp;apos;amd64&amp;apos;, os.version: &amp;apos;10.0&amp;apos;, java.version: &amp;apos;17.0.2&amp;apos;
Driver info: org.openqa.selenium.chrome.ChromeDriver
Command: [36ed43b131dadee76f876f01fbd9e642, screenshot {}]
Capabilities {acceptInsecureCerts: false, browserName: chrome, browserVersion: 121.0.6167.86, chrome: {chromedriverVersion: 121.0.6167.184 (057a8ae7deb..., userDataDir: C:\Windows\SystemTemp\scope...}, fedcm:accounts: true, goog:chromeOptions: {debuggerAddress: localhost:63905}, networkConnectionEnabled: false, pageLoadStrategy: normal, platformName: windows, proxy: Proxy(), se:cdp: ws://localhost:63905/devtoo..., se:cdpVersion: 121.0.6167.86, setWindowRect: true, strictFileInteractability: false, timeouts: {implicit: 0, pageLoad: 300000, script: 30000}, unhandledPromptBehavior: dismiss and notify, webauthn:extension:credBlob: true, webauthn:extension:largeBlob: true, webauthn:extension:minPinLength: true, webauthn:extension:prf: true, webauthn:virtualAuthenticators: true}
Session ID: 36ed43b131dadee76f876f01fbd9e642">
      <![CDATA[org.openqa.selenium.NoSuchWindowException: no such window: target window already closed
from unknown error: web view not found
  (Session info: chrome=121.0.6167.86)
Build info: version: '4.18.1', revision: 'b1d3319b48'
System info: os.name: 'Windows 11', os.arch: 'amd64', os.version: '10.0', java.version: '17.0.2'
Driver info: org.openqa.selenium.chrome.ChromeDriver
Command: [36ed43b131dadee76f876f01fbd9e642, screenshot {}]
Capabilities {acceptInsecureCerts: false, browserName: chrome, browserVersion: 121.0.6167.86, chrome: {chromedriverVersion: 121.0.6167.184 (057a8ae7deb..., userDataDir: C:\Windows\SystemTemp\scope...}, fedcm:accounts: true, goog:chromeOptions: {debuggerAddress: localhost:63905}, networkConnectionEnabled: false, pageLoadStrategy: normal, platformName: windows, proxy: Proxy(), se:cdp: ws://localhost:63905/devtoo..., se:cdpVersion: 121.0.6167.86, setWindowRect: true, strictFileInteractability: false, timeouts: {implicit: 0, pageLoad: 300000, script: 30000}, unhandledPromptBehavior: dismiss and notify, webauthn:extension:credBlob: true, webauthn:extension:largeBlob: true, webauthn:extension:minPinLength: true, webauthn:extension:prf: true, webauthn:virtualAuthenticators: true}
Session ID: 36ed43b131dadee76f876f01fbd9e642
at org.openqa.selenium.remote.ErrorCodec.decode(ErrorCodec.java:167)
at org.openqa.selenium.remote.codec.w3c.W3CHttpResponseCodec.decode(W3CHttpResponseCodec.java:138)
at org.openqa.selenium.remote.codec.w3c.W3CHttpResponseCodec.decode(W3CHttpResponseCodec.java:50)
at org.openqa.selenium.remote.HttpCommandExecutor.execute(HttpCommandExecutor.java:190)
at org.openqa.selenium.remote.service.DriverCommandExecutor.invokeExecute(DriverCommandExecutor.java:216)
at org.openqa.selenium.remote.service.DriverCommandExecutor.execute(DriverCommandExecutor.java:174)
at org.openqa.selenium.remote.RemoteWebDriver.execute(RemoteWebDriver.java:519)
at org.openqa.selenium.remote.RemoteWebDriver.execute(RemoteWebDriver.java:592)
at org.openqa.selenium.remote.RemoteWebDriver.execute(RemoteWebDriver.java:596)
at org.openqa.selenium.remote.RemoteWebDriver.getScreenshotAs(RemoteWebDriver.java:322)
at utilities.ScreenShot.takeScreenShot(ScreenShot.java:16)
at com.java.bookTest.ProductPageTestCases.takeScreenShot(ProductPageTestCases.java:128)
at java.base/java.util.ArrayList.forEach(ArrayList.java:1511)
... Removed 37 stack frames]]>
    </failure>
  </testcase> <!-- @AfterMethod takeScreenShot -->
  <testcase classname="utilities.reportGenerator" name="@AfterMethod getResult" time="-1.712136705159E9">
    <skipped/>
  </testcase> <!-- @AfterMethod getResult -->
  <testcase classname="com.java.bookTest.ProductPageTestCases" name="@AfterMethod takeScreenShot" time="-1.71213670518E9">
    <skipped/>
  </testcase> <!-- @AfterMethod takeScreenShot -->
  <testcase classname="utilities.reportGenerator" name="@AfterMethod getResult" time="-1.712136705185E9">
    <skipped/>
  </testcase> <!-- @AfterMethod getResult -->
  <testcase classname="com.java.bookTest.ProductPageTestCases" name="@AfterMethod takeScreenShot" time="-1.712136705224E9">
    <skipped/>
  </testcase> <!-- @AfterMethod takeScreenShot -->
  <testcase classname="utilities.reportGenerator" name="@AfterMethod getResult" time="-1.712136705265E9">
    <skipped/>
  </testcase> <!-- @AfterMethod getResult -->
  <testcase classname="com.java.bookTest.ProductPageTestCases" name="@AfterMethod takeScreenShot" time="-1.712136705282E9">
    <skipped/>
  </testcase> <!-- @AfterMethod takeScreenShot -->
  <testcase classname="utilities.reportGenerator" name="@AfterMethod getResult" time="-1.712136705289E9">
    <skipped/>
  </testcase> <!-- @AfterMethod getResult -->
  <testcase classname="com.java.bookTest.ProductPageTestCases" name="@AfterMethod takeScreenShot" time="-1.712136705307E9">
    <skipped/>
  </testcase> <!-- @AfterMethod takeScreenShot -->
  <testcase classname="utilities.reportGenerator" name="@AfterMethod getResult" time="-1.712136705311E9">
    <skipped/>
  </testcase> <!-- @AfterMethod getResult -->
  <testcase classname="com.java.bookTest.ProductPageTestCases" name="@AfterMethod takeScreenShot" time="-1.712136705326E9">
    <skipped/>
  </testcase> <!-- @AfterMethod takeScreenShot -->
  <testcase classname="utilities.reportGenerator" name="@AfterMethod getResult" time="-1.712136705333E9">
    <skipped/>
  </testcase> <!-- @AfterMethod getResult -->
  <testcase classname="com.java.bookTest.ProductPageTestCases" name="@AfterTest afterTest" time="-1.712136705339E9">
    <skipped/>
  </testcase> <!-- @AfterTest afterTest -->
  <testcase classname="com.java.bookTest.ProductPageTestCases" name="checkUrl" time="0.46"/>
  <testcase classname="com.java.bookTest.ProductPageTestCases" name="clickBookShelfTest" time="10.103"/>
  <testcase classname="com.java.bookTest.ProductPageTestCases" name="popupTest" time="0.0">
    <skipped/>
  </testcase> <!-- popupTest -->
  <testcase classname="com.java.bookTest.ProductPageTestCases" name="PriceSliderTest" time="0.0">
    <skipped/>
  </testcase> <!-- PriceSliderTest -->
  <testcase classname="com.java.bookTest.ProductPageTestCases" name="StorageTypeTest" time="0.0">
    <skipped/>
  </testcase> <!-- StorageTypeTest -->
  <testcase classname="com.java.bookTest.ProductPageTestCases" name="ExcludeOutOfStockTest" time="0.0">
    <skipped/>
  </testcase> <!-- ExcludeOutOfStockTest -->
  <testcase classname="com.java.bookTest.ProductPageTestCases" name="listOfProductsTest" time="0.0">
    <skipped/>
  </testcase> <!-- listOfProductsTest -->
</testsuite> <!-- EdgeTest1 -->
