<?xml version="1.0" encoding="UTF-8"?>
<!-- Generated by org.testng.reporters.JUnitXMLReporter -->
<testsuite ignored="0" hostname="LTIN194187" failures="1" tests="2" name="Test2" time="18.871" errors="0" timestamp="2024-03-29T11:45:37 IST">
  <testcase classname="com.java.bookTest.HomePageTestCases" name="checkUrl" time="0.01"/>
  <testcase classname="com.java.bookTest.HomePageTestCases" name="ExtractDeal" time="4.555">
    <failure type="java.lang.AssertionError" message="expected [true] but found [false]">
      <![CDATA[java.lang.AssertionError: expected [true] but found [false]
at com.java.bookTest.HomePageTestCases.ExtractDeal(HomePageTestCases.java:40)
at java.base/java.util.ArrayList.forEach(ArrayList.java:1511)
... Removed 31 stack frames]]>
    </failure>
  </testcase> <!-- ExtractDeal -->
</testsuite> <!-- Test2 -->
